<?xml version="1.0" encoding="UTF-8"?>
<coverage generated="1764538216982" clover="3.2.0">
  <project timestamp="1764538216982" name="All files">
    <metrics statements="177" coveredstatements="171" conditionals="123" coveredconditionals="118" methods="61" coveredmethods="60" elements="361" coveredelements="349" complexity="0" loc="177" ncloc="177" packages="5" files="21" classes="21"/>
    <package name="src">
      <metrics statements="6" coveredstatements="6" conditionals="3" coveredconditionals="3" methods="3" coveredmethods="3"/>
      <file name="test-utils.js" path="C:\Users\beret\Huerto_Hogar_React-1\src\test-utils.js">
        <metrics statements="6" coveredstatements="6" conditionals="3" coveredconditionals="3" methods="3" coveredmethods="3"/>
        <line num="8" count="3" type="stmt"/>
        <line num="16" count="3" type="stmt"/>
        <line num="17" count="20" type="stmt"/>
        <line num="24" count="3" type="cond" truecount="1" falsecount="0"/>
        <line num="25" count="20" type="stmt"/>
        <line num="26" count="20" type="stmt"/>
      </file>
    </package>
    <package name="src.components.atoms">
      <metrics statements="15" coveredstatements="15" conditionals="20" coveredconditionals="20" methods="7" coveredmethods="7"/>
      <file name="Button.jsx" path="C:\Users\beret\Huerto_Hogar_React-1\src\components\atoms\Button.jsx">
        <metrics statements="2" coveredstatements="2" conditionals="3" coveredconditionals="3" methods="1" coveredmethods="1"/>
        <line num="3" count="10" type="stmt"/>
        <line num="6" count="10" type="stmt"/>
      </file>
      <file name="Image.jsx" path="C:\Users\beret\Huerto_Hogar_React-1\src\components\atoms\Image.jsx">
        <metrics statements="1" coveredstatements="1" conditionals="1" coveredconditionals="1" methods="1" coveredmethods="1"/>
        <line num="2" count="62" type="stmt"/>
      </file>
      <file name="Input.jsx" path="C:\Users\beret\Huerto_Hogar_React-1\src\components\atoms\Input.jsx">
        <metrics statements="1" coveredstatements="1" conditionals="3" coveredconditionals="3" methods="1" coveredmethods="1"/>
        <line num="2" count="5" type="stmt"/>
      </file>
      <file name="Label.jsx" path="C:\Users\beret\Huerto_Hogar_React-1\src\components\atoms\Label.jsx">
        <metrics statements="1" coveredstatements="1" conditionals="1" coveredconditionals="1" methods="1" coveredmethods="1"/>
        <line num="2" count="3" type="stmt"/>
      </file>
      <file name="Logo.jsx" path="C:\Users\beret\Huerto_Hogar_React-1\src\components\atoms\Logo.jsx">
        <metrics statements="1" coveredstatements="1" conditionals="3" coveredconditionals="3" methods="1" coveredmethods="1"/>
        <line num="6" count="52" type="stmt"/>
      </file>
      <file name="NavLink.jsx" path="C:\Users\beret\Huerto_Hogar_React-1\src\components\atoms\NavLink.jsx">
        <metrics statements="4" coveredstatements="4" conditionals="3" coveredconditionals="3" methods="1" coveredmethods="1"/>
        <line num="5" count="238" type="stmt"/>
        <line num="6" count="238" type="stmt"/>
        <line num="10" count="238" type="cond" truecount="2" falsecount="0"/>
        <line num="13" count="238" type="stmt"/>
      </file>
      <file name="Title.jsx" path="C:\Users\beret\Huerto_Hogar_React-1\src\components\atoms\Title.jsx">
        <metrics statements="5" coveredstatements="5" conditionals="6" coveredconditionals="6" methods="1" coveredmethods="1"/>
        <line num="3" count="82" type="stmt"/>
        <line num="6" count="82" type="cond" truecount="2" falsecount="0"/>
        <line num="9" count="82" type="stmt"/>
        <line num="12" count="82" type="stmt"/>
        <line num="22" count="82" type="cond" truecount="2" falsecount="0"/>
      </file>
    </package>
    <package name="src.components.context">
      <metrics statements="24" coveredstatements="24" conditionals="4" coveredconditionals="4" methods="6" coveredmethods="6"/>
      <file name="AuthContext.jsx" path="C:\Users\beret\Huerto_Hogar_React-1\src\components\context\AuthContext.jsx">
        <metrics statements="24" coveredstatements="24" conditionals="4" coveredconditionals="4" methods="6" coveredmethods="6"/>
        <line num="3" count="4" type="stmt"/>
        <line num="7" count="13" type="stmt"/>
        <line num="8" count="7" type="stmt"/>
        <line num="9" count="7" type="cond" truecount="2" falsecount="0"/>
        <line num="16" count="13" type="stmt"/>
        <line num="17" count="7" type="stmt"/>
        <line num="18" count="7" type="cond" truecount="2" falsecount="0"/>
        <line num="26" count="13" type="stmt"/>
        <line num="27" count="5" type="stmt"/>
        <line num="28" count="5" type="stmt"/>
        <line num="29" count="5" type="stmt"/>
        <line num="30" count="5" type="stmt"/>
        <line num="31" count="5" type="stmt"/>
        <line num="38" count="13" type="stmt"/>
        <line num="39" count="1" type="stmt"/>
        <line num="40" count="1" type="stmt"/>
        <line num="41" count="1" type="stmt"/>
        <line num="42" count="1" type="stmt"/>
        <line num="43" count="1" type="stmt"/>
        <line num="50" count="13" type="stmt"/>
        <line num="51" count="13" type="stmt"/>
        <line num="52" count="13" type="stmt"/>
        <line num="53" count="13" type="stmt"/>
        <line num="59" count="13" type="stmt"/>
      </file>
    </package>
    <package name="src.components.molecules">
      <metrics statements="16" coveredstatements="16" conditionals="10" coveredconditionals="10" methods="6" coveredmethods="6"/>
      <file name="BlogCard.jsx" path="C:\Users\beret\Huerto_Hogar_React-1\src\components\molecules\BlogCard.jsx">
        <metrics statements="2" coveredstatements="2" conditionals="0" coveredconditionals="0" methods="1" coveredmethods="1"/>
        <line num="5" count="1" type="stmt"/>
        <line num="7" count="1" type="stmt"/>
      </file>
      <file name="IconInput.jsx" path="C:\Users\beret\Huerto_Hogar_React-1\src\components\molecules\IconInput.jsx">
        <metrics statements="1" coveredstatements="1" conditionals="4" coveredconditionals="4" methods="1" coveredmethods="1"/>
        <line num="5" count="2" type="stmt"/>
      </file>
      <file name="ProductCard.jsx" path="C:\Users\beret\Huerto_Hogar_React-1\src\components\molecules\ProductCard.jsx">
        <metrics statements="13" coveredstatements="13" conditionals="6" coveredconditionals="6" methods="4" coveredmethods="4"/>
        <line num="6" count="8" type="stmt"/>
        <line num="10" count="8" type="cond" truecount="2" falsecount="0"/>
        <line num="11" count="5" type="stmt"/>
        <line num="14" count="8" type="stmt"/>
        <line num="15" count="3" type="cond" truecount="2" falsecount="0"/>
        <line num="16" count="3" type="stmt"/>
        <line num="17" count="3" type="cond" truecount="2" falsecount="0"/>
        <line num="18" count="1" type="stmt"/>
        <line num="20" count="2" type="stmt"/>
        <line num="22" count="3" type="stmt"/>
        <line num="23" count="2" type="stmt"/>
        <line num="24" count="2" type="stmt"/>
        <line num="27" count="8" type="stmt"/>
      </file>
    </package>
    <package name="src.components.organisms">
      <metrics statements="116" coveredstatements="110" conditionals="86" coveredconditionals="81" methods="39" coveredmethods="38"/>
      <file name="Banner.jsx" path="C:\Users\beret\Huerto_Hogar_React-1\src\components\organisms\Banner.jsx">
        <metrics statements="1" coveredstatements="1" conditionals="0" coveredconditionals="0" methods="1" coveredmethods="1"/>
        <line num="5" count="1" type="stmt"/>
      </file>
      <file name="CartTable.jsx" path="C:\Users\beret\Huerto_Hogar_React-1\src\components\organisms\CartTable.jsx">
        <metrics statements="5" coveredstatements="5" conditionals="20" coveredconditionals="20" methods="3" coveredmethods="3"/>
        <line num="4" count="12" type="stmt"/>
        <line num="7" count="12" type="cond" truecount="2" falsecount="0"/>
        <line num="11" count="12" type="stmt"/>
        <line num="34" count="17" type="cond" truecount="4" falsecount="0"/>
        <line num="40" count="1" type="stmt"/>
      </file>
      <file name="ContactForm.jsx" path="C:\Users\beret\Huerto_Hogar_React-1\src\components\organisms\ContactForm.jsx">
        <metrics statements="15" coveredstatements="15" conditionals="2" coveredconditionals="2" methods="6" coveredmethods="6"/>
        <line num="4" count="5" type="stmt"/>
        <line num="5" count="5" type="stmt"/>
        <line num="6" count="5" type="stmt"/>
        <line num="7" count="5" type="stmt"/>
        <line num="9" count="5" type="stmt"/>
        <line num="10" count="1" type="stmt"/>
        <line num="11" count="1" type="stmt"/>
        <line num="12" count="1" type="stmt"/>
        <line num="13" count="1" type="stmt"/>
        <line num="14" count="1" type="stmt"/>
        <line num="15" count="1" type="stmt"/>
        <line num="18" count="5" type="stmt"/>
        <line num="27" count="1" type="stmt"/>
        <line num="37" count="1" type="stmt"/>
        <line num="47" count="1" type="stmt"/>
      </file>
      <file name="FeaturedProducts.jsx" path="C:\Users\beret\Huerto_Hogar_React-1\src\components\organisms\FeaturedProducts.jsx">
        <metrics statements="4" coveredstatements="4" conditionals="5" coveredconditionals="5" methods="2" coveredmethods="2"/>
        <line num="6" count="4" type="cond" truecount="4" falsecount="0"/>
        <line num="7" count="3" type="stmt"/>
        <line num="11" count="1" type="stmt"/>
        <line num="19" count="2" type="stmt"/>
      </file>
      <file name="Footer.jsx" path="C:\Users\beret\Huerto_Hogar_React-1\src\components\organisms\Footer.jsx">
        <metrics statements="1" coveredstatements="1" conditionals="0" coveredconditionals="0" methods="1" coveredmethods="1"/>
        <line num="7" count="1" type="stmt"/>
      </file>
      <file name="Header.jsx" path="C:\Users\beret\Huerto_Hogar_React-1\src\components\organisms\Header.jsx">
        <metrics statements="14" coveredstatements="14" conditionals="14" coveredconditionals="14" methods="10" coveredmethods="10"/>
        <line num="9" count="25" type="stmt"/>
        <line num="10" count="25" type="stmt"/>
        <line num="12" count="25" type="stmt"/>
        <line num="15" count="25" type="stmt"/>
        <line num="16" count="25" type="cond" truecount="2" falsecount="0"/>
        <line num="17" count="8" type="stmt"/>
        <line num="19" count="17" type="stmt"/>
        <line num="21" count="25" type="stmt"/>
        <line num="24" count="25" type="stmt"/>
        <line num="52" count="1" type="stmt"/>
        <line num="64" count="1" type="cond" truecount="2" falsecount="0"/>
        <line num="70" count="1" type="stmt"/>
        <line num="72" count="6" type="stmt"/>
        <line num="82" count="1" type="stmt"/>
      </file>
      <file name="LoginForm.jsx" path="C:\Users\beret\Huerto_Hogar_React-1\src\components\organisms\LoginForm.jsx">
        <metrics statements="17" coveredstatements="17" conditionals="10" coveredconditionals="10" methods="6" coveredmethods="6"/>
        <line num="9" count="23" type="stmt"/>
        <line num="10" count="23" type="stmt"/>
        <line num="11" count="23" type="stmt"/>
        <line num="12" count="23" type="stmt"/>
        <line num="15" count="23" type="stmt"/>
        <line num="16" count="5" type="stmt"/>
        <line num="17" count="5" type="stmt"/>
        <line num="18" count="5" type="cond" truecount="4" falsecount="0"/>
        <line num="19" count="1" type="stmt"/>
        <line num="20" count="1" type="stmt"/>
        <line num="22" count="4" type="stmt"/>
        <line num="23" count="4" type="stmt"/>
        <line num="25" count="2" type="cond" truecount="2" falsecount="0"/>
        <line num="28" count="4" type="stmt"/>
        <line num="33" count="23" type="stmt"/>
        <line num="52" count="4" type="stmt"/>
        <line num="69" count="4" type="stmt"/>
      </file>
      <file name="MiniHero.jsx" path="C:\Users\beret\Huerto_Hogar_React-1\src\components\organisms\MiniHero.jsx">
        <metrics statements="1" coveredstatements="1" conditionals="0" coveredconditionals="0" methods="1" coveredmethods="1"/>
        <line num="4" count="1" type="stmt"/>
      </file>
      <file name="RegisterForm.jsx" path="C:\Users\beret\Huerto_Hogar_React-1\src\components\organisms\RegisterForm.jsx">
        <metrics statements="58" coveredstatements="52" conditionals="35" coveredconditionals="30" methods="9" coveredmethods="8"/>
        <line num="6" count="3" type="cond" truecount="1" falsecount="0"/>
        <line num="7" count="80" type="stmt"/>
        <line num="8" count="80" type="stmt"/>
        <line num="9" count="80" type="stmt"/>
        <line num="10" count="80" type="stmt"/>
        <line num="11" count="80" type="stmt"/>
        <line num="12" count="80" type="stmt"/>
        <line num="13" count="80" type="stmt"/>
        <line num="17" count="80" type="stmt"/>
        <line num="18" count="14" type="stmt"/>
        <line num="19" count="14" type="stmt"/>
        <line num="20" count="14" type="stmt"/>
        <line num="21" count="14" type="cond" truecount="2" falsecount="0"/>
        <line num="22" count="13" type="cond" truecount="2" falsecount="0"/>
        <line num="23" count="13" type="cond" truecount="2" falsecount="0"/>
        <line num="24" count="3" type="stmt"/>
        <line num="25" count="3" type="stmt"/>
        <line num="27" count="10" type="stmt"/>
        <line num="28" count="10" type="stmt"/>
        <line num="31" count="1" type="stmt"/>
        <line num="35" count="80" type="stmt"/>
        <line num="36" count="12" type="stmt"/>
        <line num="37" count="12" type="stmt"/>
        <line num="38" count="12" type="cond" truecount="6" falsecount="0"/>
        <line num="39" count="1" type="stmt"/>
        <line num="40" count="1" type="stmt"/>
        <line num="42" count="11" type="cond" truecount="2" falsecount="0"/>
        <line num="43" count="2" type="stmt"/>
        <line num="44" count="2" type="stmt"/>
        <line num="46" count="9" type="cond" truecount="2" falsecount="0"/>
        <line num="47" count="1" type="stmt"/>
        <line num="48" count="1" type="stmt"/>
        <line num="50" count="8" type="cond" truecount="2" falsecount="0"/>
        <line num="51" count="8" type="cond" truecount="1" falsecount="1"/>
        <line num="52" count="0" type="stmt"/>
        <line num="53" count="0" type="stmt"/>
        <line num="54" count="0" type="stmt"/>
        <line num="56" count="8" type="stmt"/>
        <line num="57" count="8" type="stmt"/>
        <line num="59" count="8" type="stmt"/>
        <line num="60" count="8" type="stmt"/>
        <line num="61" count="8" type="stmt"/>
        <line num="63" count="0" type="cond" truecount="0" falsecount="4"/>
        <line num="64" count="0" type="stmt"/>
        <line num="65" count="0" type="stmt"/>
        <line num="67" count="8" type="stmt"/>
        <line num="69" count="5" type="stmt"/>
        <line num="70" count="5" type="stmt"/>
        <line num="71" count="5" type="stmt"/>
        <line num="72" count="5" type="stmt"/>
        <line num="73" count="5" type="stmt"/>
        <line num="74" count="5" type="stmt"/>
        <line num="76" count="3" type="cond" truecount="4" falsecount="0"/>
        <line num="78" count="8" type="stmt"/>
        <line num="82" count="80" type="stmt"/>
        <line num="94" count="11" type="stmt"/>
        <line num="123" count="11" type="stmt"/>
        <line num="137" count="11" type="stmt"/>
      </file>
    </package>
  </project>
</coverage>
