{"C:\\Users\\beret\\Huerto_Hogar_React-1\\src\\components\\atoms\\Button.jsx": {"path":"C:\\Users\\beret\\Huerto_Hogar_React-1\\src\\components\\atoms\\Button.jsx","statementMap":{"0":{"start":{"line":3,"column":28},"end":{"line":3,"column":53}},"1":{"start":{"line":6,"column":2},"end":{"line":15,"column":4}}},"fnMap":{"0":{"name":"Button","decl":{"start":{"line":1,"column":24},"end":{"line":1,"column":30}},"loc":{"start":{"line":1,"column":105},"end":{"line":16,"column":1}},"line":1}},"branchMap":{"0":{"loc":{"start":{"line":1,"column":52},"end":{"line":1,"column":67}},"type":"default-arg","locations":[{"start":{"line":1,"column":59},"end":{"line":1,"column":67}}],"line":1},"1":{"loc":{"start":{"line":1,"column":69},"end":{"line":1,"column":83}},"type":"default-arg","locations":[{"start":{"line":1,"column":81},"end":{"line":1,"column":83}}],"line":1},"2":{"loc":{"start":{"line":1,"column":85},"end":{"line":1,"column":101}},"type":"default-arg","locations":[{"start":{"line":1,"column":96},"end":{"line":1,"column":101}}],"line":1}},"s":{"0":5,"1":5},"f":{"0":5},"b":{"0":[5],"1":[2],"2":[5]},"_coverageSchema":"1a1c01bbd47fc00a2c39e90264f33305004495a9","hash":"23782b53abb89e7a1e1c8782325ddfe6f9d6f3d6"}
,"C:\\Users\\beret\\Huerto_Hogar_React-1\\src\\components\\atoms\\Image.jsx": {"path":"C:\\Users\\beret\\Huerto_Hogar_React-1\\src\\components\\atoms\\Image.jsx","statementMap":{"0":{"start":{"line":2,"column":2},"end":{"line":2,"column":102}}},"fnMap":{"0":{"name":"Image","decl":{"start":{"line":1,"column":24},"end":{"line":1,"column":29}},"loc":{"start":{"line":1,"column":70},"end":{"line":3,"column":1}},"line":1}},"branchMap":{"0":{"loc":{"start":{"line":1,"column":42},"end":{"line":1,"column":56}},"type":"default-arg","locations":[{"start":{"line":1,"column":54},"end":{"line":1,"column":56}}],"line":1}},"s":{"0":7},"f":{"0":7},"b":{"0":[1]},"_coverageSchema":"1a1c01bbd47fc00a2c39e90264f33305004495a9","hash":"1c18dd5a0fae38f41fe0fe47d9a85758173fb7b6"}
,"C:\\Users\\beret\\Huerto_Hogar_React-1\\src\\components\\atoms\\Input.jsx": {"path":"C:\\Users\\beret\\Huerto_Hogar_React-1\\src\\components\\atoms\\Input.jsx","statementMap":{"0":{"start":{"line":2,"column":2},"end":{"line":13,"column":4}}},"fnMap":{"0":{"name":"Input","decl":{"start":{"line":1,"column":24},"end":{"line":1,"column":29}},"loc":{"start":{"line":1,"column":123},"end":{"line":14,"column":1}},"line":1}},"branchMap":{"0":{"loc":{"start":{"line":1,"column":32},"end":{"line":1,"column":45}},"type":"default-arg","locations":[{"start":{"line":1,"column":39},"end":{"line":1,"column":45}}],"line":1},"1":{"loc":{"start":{"line":1,"column":87},"end":{"line":1,"column":103}},"type":"default-arg","locations":[{"start":{"line":1,"column":98},"end":{"line":1,"column":103}}],"line":1},"2":{"loc":{"start":{"line":1,"column":105},"end":{"line":1,"column":119}},"type":"default-arg","locations":[{"start":{"line":1,"column":117},"end":{"line":1,"column":119}}],"line":1}},"s":{"0":5},"f":{"0":5},"b":{"0":[4],"1":[5],"2":[3]},"_coverageSchema":"1a1c01bbd47fc00a2c39e90264f33305004495a9","hash":"ae7cd0f2b96d81ffe394de7edbfff24e33ecfbd1"}
,"C:\\Users\\beret\\Huerto_Hogar_React-1\\src\\components\\atoms\\Label.jsx": {"path":"C:\\Users\\beret\\Huerto_Hogar_React-1\\src\\components\\atoms\\Label.jsx","statementMap":{"0":{"start":{"line":2,"column":4},"end":{"line":10,"column":6}}},"fnMap":{"0":{"name":"Label","decl":{"start":{"line":1,"column":24},"end":{"line":1,"column":29}},"loc":{"start":{"line":1,"column":69},"end":{"line":11,"column":3}},"line":1}},"branchMap":{"0":{"loc":{"start":{"line":1,"column":51},"end":{"line":1,"column":65}},"type":"default-arg","locations":[{"start":{"line":1,"column":63},"end":{"line":1,"column":65}}],"line":1}},"s":{"0":3},"f":{"0":3},"b":{"0":[3]},"_coverageSchema":"1a1c01bbd47fc00a2c39e90264f33305004495a9","hash":"8c2ccea514d7171b65d866a0340a7f1ccdd1ffef"}
,"C:\\Users\\beret\\Huerto_Hogar_React-1\\src\\components\\atoms\\Logo.jsx": {"path":"C:\\Users\\beret\\Huerto_Hogar_React-1\\src\\components\\atoms\\Logo.jsx","statementMap":{"0":{"start":{"line":6,"column":2},"end":{"line":13,"column":4}}},"fnMap":{"0":{"name":"Logo","decl":{"start":{"line":5,"column":24},"end":{"line":5,"column":28}},"loc":{"start":{"line":5,"column":49},"end":{"line":14,"column":1}},"line":5}},"branchMap":{"0":{"loc":{"start":{"line":5,"column":31},"end":{"line":5,"column":45}},"type":"default-arg","locations":[{"start":{"line":5,"column":43},"end":{"line":5,"column":45}}],"line":5},"1":{"loc":{"start":{"line":11,"column":12},"end":{"line":11,"column":67}},"type":"cond-expr","locations":[{"start":{"line":11,"column":42},"end":{"line":11,"column":55}},{"start":{"line":11,"column":58},"end":{"line":11,"column":67}}],"line":11}},"s":{"0":2},"f":{"0":2},"b":{"0":[1],"1":[1,1]},"_coverageSchema":"1a1c01bbd47fc00a2c39e90264f33305004495a9","hash":"df362d8bcb970628dcec30f921cfa2df51cf68ab"}
,"C:\\Users\\beret\\Huerto_Hogar_React-1\\src\\components\\atoms\\NavLink.jsx": {"path":"C:\\Users\\beret\\Huerto_Hogar_React-1\\src\\components\\atoms\\NavLink.jsx","statementMap":{"0":{"start":{"line":5,"column":17},"end":{"line":5,"column":36}},"1":{"start":{"line":6,"column":14},"end":{"line":6,"column":62}},"2":{"start":{"line":10,"column":28},"end":{"line":10,"column":83}},"3":{"start":{"line":13,"column":2},"end":{"line":21,"column":4}}},"fnMap":{"0":{"name":"NavLink","decl":{"start":{"line":4,"column":24},"end":{"line":4,"column":31}},"loc":{"start":{"line":4,"column":76},"end":{"line":22,"column":1}},"line":4}},"branchMap":{"0":{"loc":{"start":{"line":4,"column":48},"end":{"line":4,"column":62}},"type":"default-arg","locations":[{"start":{"line":4,"column":60},"end":{"line":4,"column":62}}],"line":4},"1":{"loc":{"start":{"line":10,"column":40},"end":{"line":10,"column":61}},"type":"cond-expr","locations":[{"start":{"line":10,"column":48},"end":{"line":10,"column":56}},{"start":{"line":10,"column":59},"end":{"line":10,"column":61}}],"line":10}},"s":{"0":2,"1":2,"2":2,"3":2},"f":{"0":2},"b":{"0":[2],"1":[1,1]},"_coverageSchema":"1a1c01bbd47fc00a2c39e90264f33305004495a9","hash":"818ada4e054e619d56623328001a33deae457f3a"}
,"C:\\Users\\beret\\Huerto_Hogar_React-1\\src\\components\\atoms\\Title.jsx": {"path":"C:\\Users\\beret\\Huerto_Hogar_React-1\\src\\components\\atoms\\Title.jsx","statementMap":{"0":{"start":{"line":3,"column":22},"end":{"line":3,"column":58}},"1":{"start":{"line":6,"column":14},"end":{"line":6,"column":56}},"2":{"start":{"line":9,"column":20},"end":{"line":9,"column":46}},"3":{"start":{"line":12,"column":22},"end":{"line":19,"column":3}},"4":{"start":{"line":22,"column":2},"end":{"line":22,"column":111}}},"fnMap":{"0":{"name":"Title","decl":{"start":{"line":1,"column":24},"end":{"line":1,"column":29}},"loc":{"start":{"line":1,"column":74},"end":{"line":23,"column":1}},"line":1}},"branchMap":{"0":{"loc":{"start":{"line":1,"column":42},"end":{"line":1,"column":54}},"type":"default-arg","locations":[{"start":{"line":1,"column":50},"end":{"line":1,"column":54}}],"line":1},"1":{"loc":{"start":{"line":1,"column":56},"end":{"line":1,"column":70}},"type":"default-arg","locations":[{"start":{"line":1,"column":68},"end":{"line":1,"column":70}}],"line":1},"2":{"loc":{"start":{"line":6,"column":14},"end":{"line":6,"column":56}},"type":"cond-expr","locations":[{"start":{"line":6,"column":44},"end":{"line":6,"column":49}},{"start":{"line":6,"column":52},"end":{"line":6,"column":56}}],"line":6},"3":{"loc":{"start":{"line":22,"column":41},"end":{"line":22,"column":77}},"type":"binary-expr","locations":[{"start":{"line":22,"column":41},"end":{"line":22,"column":59}},{"start":{"line":22,"column":63},"end":{"line":22,"column":77}}],"line":22}},"s":{"0":24,"1":24,"2":24,"3":24,"4":24},"f":{"0":24},"b":{"0":[1],"1":[3],"2":[23,1],"3":[24,1]},"_coverageSchema":"1a1c01bbd47fc00a2c39e90264f33305004495a9","hash":"2f16f42782842fa803823d6478bdd3f4ce2263c6"}
,"C:\\Users\\beret\\Huerto_Hogar_React-1\\src\\components\\molecules\\BlogCard.jsx": {"path":"C:\\Users\\beret\\Huerto_Hogar_React-1\\src\\components\\molecules\\BlogCard.jsx","statementMap":{"0":{"start":{"line":5,"column":55},"end":{"line":5,"column":59}},"1":{"start":{"line":7,"column":2},"end":{"line":31,"column":4}}},"fnMap":{"0":{"name":"BlogCard","decl":{"start":{"line":4,"column":24},"end":{"line":4,"column":32}},"loc":{"start":{"line":4,"column":43},"end":{"line":32,"column":1}},"line":4}},"branchMap":{},"s":{"0":1,"1":1},"f":{"0":1},"b":{},"_coverageSchema":"1a1c01bbd47fc00a2c39e90264f33305004495a9","hash":"862c409aacf6156e39a7d2b72ae0fdf87f35ebd4"}
,"C:\\Users\\beret\\Huerto_Hogar_React-1\\src\\components\\molecules\\IconInput.jsx": {"path":"C:\\Users\\beret\\Huerto_Hogar_React-1\\src\\components\\molecules\\IconInput.jsx","statementMap":{"0":{"start":{"line":5,"column":2},"end":{"line":21,"column":4}}},"fnMap":{"0":{"name":"IconInput","decl":{"start":{"line":4,"column":24},"end":{"line":4,"column":33}},"loc":{"start":{"line":4,"column":70},"end":{"line":22,"column":1}},"line":4}},"branchMap":{"0":{"loc":{"start":{"line":8,"column":7},"end":{"line":8,"column":51}},"type":"binary-expr","locations":[{"start":{"line":8,"column":7},"end":{"line":8,"column":12}},{"start":{"line":8,"column":16},"end":{"line":8,"column":51}}],"line":8},"1":{"loc":{"start":{"line":12,"column":9},"end":{"line":12,"column":72}},"type":"binary-expr","locations":[{"start":{"line":12,"column":9},"end":{"line":12,"column":13}},{"start":{"line":12,"column":17},"end":{"line":12,"column":72}}],"line":12}},"s":{"0":2},"f":{"0":2},"b":{"0":[2,1],"1":[2,1]},"_coverageSchema":"1a1c01bbd47fc00a2c39e90264f33305004495a9","hash":"aabb7c78640cde79006c69398c8d96532b18e5f0"}
,"C:\\Users\\beret\\Huerto_Hogar_React-1\\src\\components\\molecules\\ProductCard.jsx": {"path":"C:\\Users\\beret\\Huerto_Hogar_React-1\\src\\components\\molecules\\ProductCard.jsx","statementMap":{"0":{"start":{"line":6,"column":41},"end":{"line":6,"column":48}},"1":{"start":{"line":8,"column":31},"end":{"line":19,"column":3}},"2":{"start":{"line":9,"column":20},"end":{"line":9,"column":71}},"3":{"start":{"line":10,"column":16},"end":{"line":10,"column":51}},"4":{"start":{"line":10,"column":39},"end":{"line":10,"column":50}},"5":{"start":{"line":11,"column":4},"end":{"line":15,"column":5}},"6":{"start":{"line":12,"column":6},"end":{"line":12,"column":33}},"7":{"start":{"line":14,"column":6},"end":{"line":14,"column":64}},"8":{"start":{"line":16,"column":4},"end":{"line":16,"column":61}},"9":{"start":{"line":17,"column":4},"end":{"line":17,"column":58}},"10":{"start":{"line":18,"column":4},"end":{"line":18,"column":43}},"11":{"start":{"line":21,"column":2},"end":{"line":30,"column":4}}},"fnMap":{"0":{"name":"ProductCard","decl":{"start":{"line":5,"column":24},"end":{"line":5,"column":35}},"loc":{"start":{"line":5,"column":49},"end":{"line":31,"column":1}},"line":5},"1":{"name":"(anonymous_1)","decl":{"start":{"line":8,"column":31},"end":{"line":8,"column":32}},"loc":{"start":{"line":8,"column":37},"end":{"line":19,"column":3}},"line":8},"2":{"name":"(anonymous_2)","decl":{"start":{"line":10,"column":34},"end":{"line":10,"column":35}},"loc":{"start":{"line":10,"column":39},"end":{"line":10,"column":50}},"line":10}},"branchMap":{"0":{"loc":{"start":{"line":9,"column":31},"end":{"line":9,"column":70}},"type":"binary-expr","locations":[{"start":{"line":9,"column":31},"end":{"line":9,"column":62}},{"start":{"line":9,"column":66},"end":{"line":9,"column":70}}],"line":9},"1":{"loc":{"start":{"line":11,"column":4},"end":{"line":15,"column":5}},"type":"if","locations":[{"start":{"line":11,"column":4},"end":{"line":15,"column":5}},{"start":{"line":13,"column":11},"end":{"line":15,"column":5}}],"line":11}},"s":{"0":3,"1":3,"2":2,"3":2,"4":1,"5":2,"6":1,"7":1,"8":2,"9":2,"10":2,"11":3},"f":{"0":3,"1":2,"2":1},"b":{"0":[2,1],"1":[1,1]},"_coverageSchema":"1a1c01bbd47fc00a2c39e90264f33305004495a9","hash":"c595765368aa6b93c0f7cc753b49f4de9c0d0fec"}
,"C:\\Users\\beret\\Huerto_Hogar_React-1\\src\\components\\organisms\\Banner.jsx": {"path":"C:\\Users\\beret\\Huerto_Hogar_React-1\\src\\components\\organisms\\Banner.jsx","statementMap":{"0":{"start":{"line":5,"column":2},"end":{"line":25,"column":4}}},"fnMap":{"0":{"name":"Banner","decl":{"start":{"line":4,"column":24},"end":{"line":4,"column":30}},"loc":{"start":{"line":4,"column":33},"end":{"line":26,"column":1}},"line":4}},"branchMap":{},"s":{"0":1},"f":{"0":1},"b":{},"_coverageSchema":"1a1c01bbd47fc00a2c39e90264f33305004495a9","hash":"6aa6e0a4b451bfcf87d5d44ff2e3349b285ba5d8"}
,"C:\\Users\\beret\\Huerto_Hogar_React-1\\src\\components\\organisms\\CartTable.jsx": {"path":"C:\\Users\\beret\\Huerto_Hogar_React-1\\src\\components\\organisms\\CartTable.jsx","statementMap":{"0":{"start":{"line":4,"column":23},"end":{"line":4,"column":39}},"1":{"start":{"line":7,"column":26},"end":{"line":9,"column":55}},"2":{"start":{"line":11,"column":2},"end":{"line":55,"column":4}},"3":{"start":{"line":34,"column":16},"end":{"line":42,"column":21}},"4":{"start":{"line":40,"column":43},"end":{"line":40,"column":57}}},"fnMap":{"0":{"name":"CartTable","decl":{"start":{"line":3,"column":24},"end":{"line":3,"column":33}},"loc":{"start":{"line":3,"column":89},"end":{"line":56,"column":1}},"line":3},"1":{"name":"(anonymous_1)","decl":{"start":{"line":33,"column":24},"end":{"line":33,"column":25}},"loc":{"start":{"line":34,"column":16},"end":{"line":42,"column":21}},"line":34},"2":{"name":"(anonymous_2)","decl":{"start":{"line":40,"column":37},"end":{"line":40,"column":38}},"loc":{"start":{"line":40,"column":43},"end":{"line":40,"column":57}},"line":40}},"branchMap":{"0":{"loc":{"start":{"line":3,"column":36},"end":{"line":3,"column":46}},"type":"default-arg","locations":[{"start":{"line":3,"column":44},"end":{"line":3,"column":46}}],"line":3},"1":{"loc":{"start":{"line":3,"column":48},"end":{"line":3,"column":57}},"type":"default-arg","locations":[{"start":{"line":3,"column":56},"end":{"line":3,"column":57}}],"line":3},"2":{"loc":{"start":{"line":7,"column":26},"end":{"line":9,"column":55}},"type":"cond-expr","locations":[{"start":{"line":8,"column":7},"end":{"line":8,"column":59}},{"start":{"line":9,"column":7},"end":{"line":9,"column":54}}],"line":7},"3":{"loc":{"start":{"line":8,"column":7},"end":{"line":8,"column":59}},"type":"cond-expr","locations":[{"start":{"line":8,"column":35},"end":{"line":8,"column":51}},{"start":{"line":8,"column":54},"end":{"line":8,"column":59}}],"line":8},"4":{"loc":{"start":{"line":9,"column":7},"end":{"line":9,"column":54}},"type":"cond-expr","locations":[{"start":{"line":9,"column":35},"end":{"line":9,"column":46}},{"start":{"line":9,"column":49},"end":{"line":9,"column":54}}],"line":9},"5":{"loc":{"start":{"line":26,"column":13},"end":{"line":44,"column":13}},"type":"cond-expr","locations":[{"start":{"line":27,"column":14},"end":{"line":31,"column":19}},{"start":{"line":33,"column":14},"end":{"line":43,"column":16}}],"line":26},"6":{"loc":{"start":{"line":34,"column":25},"end":{"line":34,"column":39}},"type":"binary-expr","locations":[{"start":{"line":34,"column":25},"end":{"line":34,"column":32}},{"start":{"line":34,"column":36},"end":{"line":34,"column":39}}],"line":34},"7":{"loc":{"start":{"line":34,"column":62},"end":{"line":34,"column":96}},"type":"cond-expr","locations":[{"start":{"line":34,"column":78},"end":{"line":34,"column":87}},{"start":{"line":34,"column":90},"end":{"line":34,"column":96}}],"line":34},"8":{"loc":{"start":{"line":37,"column":76},"end":{"line":37,"column":130}},"type":"cond-expr","locations":[{"start":{"line":37,"column":88},"end":{"line":37,"column":110}},{"start":{"line":37,"column":113},"end":{"line":37,"column":130}}],"line":37},"9":{"loc":{"start":{"line":38,"column":76},"end":{"line":38,"column":162}},"type":"cond-expr","locations":[{"start":{"line":38,"column":88},"end":{"line":38,"column":126}},{"start":{"line":38,"column":129},"end":{"line":38,"column":162}}],"line":38},"10":{"loc":{"start":{"line":48,"column":7},"end":{"line":53,"column":7}},"type":"binary-expr","locations":[{"start":{"line":48,"column":7},"end":{"line":48,"column":19}},{"start":{"line":49,"column":8},"end":{"line":52,"column":14}}],"line":48}},"s":{"0":12,"1":12,"2":12,"3":17,"4":1},"f":{"0":12,"1":17,"2":1},"b":{"0":[1],"1":[3],"2":[3,9],"3":[2,1],"4":[7,2],"5":[3,9],"6":[17,1],"7":[9,8],"8":[6,11],"9":[6,11],"10":[12,9]},"_coverageSchema":"1a1c01bbd47fc00a2c39e90264f33305004495a9","hash":"5357b673713030fdf59c1d99d669d2bbf45f0812"}
,"C:\\Users\\beret\\Huerto_Hogar_React-1\\src\\components\\organisms\\ContactForm.jsx": {"path":"C:\\Users\\beret\\Huerto_Hogar_React-1\\src\\components\\organisms\\ContactForm.jsx","statementMap":{"0":{"start":{"line":4,"column":30},"end":{"line":4,"column":42}},"1":{"start":{"line":5,"column":28},"end":{"line":5,"column":40}},"2":{"start":{"line":6,"column":32},"end":{"line":6,"column":44}},"3":{"start":{"line":7,"column":32},"end":{"line":7,"column":47}},"4":{"start":{"line":9,"column":23},"end":{"line":16,"column":3}},"5":{"start":{"line":10,"column":4},"end":{"line":10,"column":23}},"6":{"start":{"line":11,"column":4},"end":{"line":11,"column":21}},"7":{"start":{"line":12,"column":4},"end":{"line":12,"column":46}},"8":{"start":{"line":12,"column":21},"end":{"line":12,"column":38}},"9":{"start":{"line":13,"column":4},"end":{"line":13,"column":18}},"10":{"start":{"line":14,"column":4},"end":{"line":14,"column":17}},"11":{"start":{"line":15,"column":4},"end":{"line":15,"column":19}},"12":{"start":{"line":18,"column":2},"end":{"line":57,"column":4}},"13":{"start":{"line":27,"column":27},"end":{"line":27,"column":52}},"14":{"start":{"line":37,"column":27},"end":{"line":37,"column":51}},"15":{"start":{"line":47,"column":27},"end":{"line":47,"column":53}}},"fnMap":{"0":{"name":"ContactForm","decl":{"start":{"line":3,"column":24},"end":{"line":3,"column":35}},"loc":{"start":{"line":3,"column":38},"end":{"line":58,"column":1}},"line":3},"1":{"name":"(anonymous_1)","decl":{"start":{"line":9,"column":23},"end":{"line":9,"column":24}},"loc":{"start":{"line":9,"column":30},"end":{"line":16,"column":3}},"line":9},"2":{"name":"(anonymous_2)","decl":{"start":{"line":12,"column":15},"end":{"line":12,"column":16}},"loc":{"start":{"line":12,"column":21},"end":{"line":12,"column":38}},"line":12},"3":{"name":"(anonymous_3)","decl":{"start":{"line":27,"column":22},"end":{"line":27,"column":23}},"loc":{"start":{"line":27,"column":27},"end":{"line":27,"column":52}},"line":27},"4":{"name":"(anonymous_4)","decl":{"start":{"line":37,"column":22},"end":{"line":37,"column":23}},"loc":{"start":{"line":37,"column":27},"end":{"line":37,"column":51}},"line":37},"5":{"name":"(anonymous_5)","decl":{"start":{"line":47,"column":22},"end":{"line":47,"column":23}},"loc":{"start":{"line":47,"column":27},"end":{"line":47,"column":53}},"line":47}},"branchMap":{"0":{"loc":{"start":{"line":55,"column":7},"end":{"line":55,"column":74}},"type":"binary-expr","locations":[{"start":{"line":55,"column":7},"end":{"line":55,"column":14}},{"start":{"line":55,"column":18},"end":{"line":55,"column":74}}],"line":55}},"s":{"0":5,"1":5,"2":5,"3":5,"4":5,"5":1,"6":1,"7":1,"8":1,"9":1,"10":1,"11":1,"12":5,"13":1,"14":1,"15":1},"f":{"0":5,"1":1,"2":1,"3":1,"4":1,"5":1},"b":{"0":[5,1]},"_coverageSchema":"1a1c01bbd47fc00a2c39e90264f33305004495a9","hash":"a945008fadef8c6eaa44556406bb41ad9be3655b"}
,"C:\\Users\\beret\\Huerto_Hogar_React-1\\src\\components\\organisms\\Footer.jsx": {"path":"C:\\Users\\beret\\Huerto_Hogar_React-1\\src\\components\\organisms\\Footer.jsx","statementMap":{"0":{"start":{"line":7,"column":2},"end":{"line":13,"column":4}}},"fnMap":{"0":{"name":"Footer","decl":{"start":{"line":4,"column":24},"end":{"line":4,"column":30}},"loc":{"start":{"line":4,"column":33},"end":{"line":14,"column":1}},"line":4}},"branchMap":{},"s":{"0":1},"f":{"0":1},"b":{},"_coverageSchema":"1a1c01bbd47fc00a2c39e90264f33305004495a9","hash":"3651376dd3ef45a5d50398ce1fd330476884494f"}
,"C:\\Users\\beret\\Huerto_Hogar_React-1\\src\\components\\organisms\\MiniHero.jsx": {"path":"C:\\Users\\beret\\Huerto_Hogar_React-1\\src\\components\\organisms\\MiniHero.jsx","statementMap":{"0":{"start":{"line":4,"column":2},"end":{"line":12,"column":4}}},"fnMap":{"0":{"name":"MiniHero","decl":{"start":{"line":3,"column":24},"end":{"line":3,"column":32}},"loc":{"start":{"line":3,"column":35},"end":{"line":13,"column":1}},"line":3}},"branchMap":{},"s":{"0":1},"f":{"0":1},"b":{},"_coverageSchema":"1a1c01bbd47fc00a2c39e90264f33305004495a9","hash":"fff58be71d1a855c4e0e00b1258e0c2165fd463e"}
,"C:\\Users\\beret\\Huerto_Hogar_React-1\\src\\components\\organisms\\RegisterForm.jsx": {"path":"C:\\Users\\beret\\Huerto_Hogar_React-1\\src\\components\\organisms\\RegisterForm.jsx","statementMap":{"0":{"start":{"line":6,"column":58},"end":{"line":6,"column":75}},"1":{"start":{"line":7,"column":30},"end":{"line":7,"column":42}},"2":{"start":{"line":8,"column":30},"end":{"line":8,"column":42}},"3":{"start":{"line":9,"column":38},"end":{"line":9,"column":50}},"4":{"start":{"line":10,"column":36},"end":{"line":10,"column":48}},"5":{"start":{"line":11,"column":28},"end":{"line":11,"column":40}},"6":{"start":{"line":12,"column":50},"end":{"line":12,"column":65}},"7":{"start":{"line":13,"column":32},"end":{"line":13,"column":47}},"8":{"start":{"line":17,"column":29},"end":{"line":33,"column":3}},"9":{"start":{"line":18,"column":18},"end":{"line":18,"column":32}},"10":{"start":{"line":19,"column":4},"end":{"line":19,"column":21}},"11":{"start":{"line":20,"column":4},"end":{"line":20,"column":17}},"12":{"start":{"line":21,"column":4},"end":{"line":32,"column":5}},"13":{"start":{"line":22,"column":23},"end":{"line":22,"column":86}},"14":{"start":{"line":23,"column":6},"end":{"line":29,"column":7}},"15":{"start":{"line":23,"column":29},"end":{"line":23,"column":89}},"16":{"start":{"line":24,"column":8},"end":{"line":24,"column":34}},"17":{"start":{"line":25,"column":8},"end":{"line":25,"column":51}},"18":{"start":{"line":27,"column":8},"end":{"line":27,"column":35}},"19":{"start":{"line":28,"column":8},"end":{"line":28,"column":21}},"20":{"start":{"line":31,"column":6},"end":{"line":31,"column":33}},"21":{"start":{"line":35,"column":23},"end":{"line":74,"column":3}},"22":{"start":{"line":36,"column":4},"end":{"line":36,"column":23}},"23":{"start":{"line":37,"column":4},"end":{"line":37,"column":17}},"24":{"start":{"line":38,"column":4},"end":{"line":41,"column":5}},"25":{"start":{"line":39,"column":6},"end":{"line":39,"column":56}},"26":{"start":{"line":40,"column":6},"end":{"line":40,"column":13}},"27":{"start":{"line":42,"column":4},"end":{"line":45,"column":5}},"28":{"start":{"line":43,"column":6},"end":{"line":43,"column":49}},"29":{"start":{"line":44,"column":6},"end":{"line":44,"column":13}},"30":{"start":{"line":46,"column":4},"end":{"line":49,"column":5}},"31":{"start":{"line":47,"column":6},"end":{"line":47,"column":48}},"32":{"start":{"line":48,"column":6},"end":{"line":48,"column":13}},"33":{"start":{"line":50,"column":21},"end":{"line":50,"column":84}},"34":{"start":{"line":51,"column":4},"end":{"line":55,"column":5}},"35":{"start":{"line":51,"column":27},"end":{"line":51,"column":88}},"36":{"start":{"line":52,"column":6},"end":{"line":52,"column":32}},"37":{"start":{"line":53,"column":6},"end":{"line":53,"column":49}},"38":{"start":{"line":54,"column":6},"end":{"line":54,"column":13}},"39":{"start":{"line":56,"column":4},"end":{"line":56,"column":21}},"40":{"start":{"line":57,"column":4},"end":{"line":73,"column":5}},"41":{"start":{"line":59,"column":6},"end":{"line":59,"column":52}},"42":{"start":{"line":60,"column":6},"end":{"line":60,"column":76}},"43":{"start":{"line":61,"column":6},"end":{"line":61,"column":55}},"44":{"start":{"line":63,"column":6},"end":{"line":63,"column":20}},"45":{"start":{"line":64,"column":6},"end":{"line":64,"column":20}},"46":{"start":{"line":65,"column":6},"end":{"line":65,"column":24}},"47":{"start":{"line":66,"column":6},"end":{"line":66,"column":23}},"48":{"start":{"line":67,"column":6},"end":{"line":67,"column":19}},"49":{"start":{"line":68,"column":6},"end":{"line":68,"column":33}},"50":{"start":{"line":70,"column":6},"end":{"line":70,"column":55}},"51":{"start":{"line":72,"column":6},"end":{"line":72,"column":24}},"52":{"start":{"line":76,"column":2},"end":{"line":162,"column":4}},"53":{"start":{"line":88,"column":27},"end":{"line":88,"column":52}},"54":{"start":{"line":117,"column":27},"end":{"line":117,"column":56}},"55":{"start":{"line":131,"column":27},"end":{"line":131,"column":55}}},"fnMap":{"0":{"name":"RegisterForm","decl":{"start":{"line":6,"column":24},"end":{"line":6,"column":36}},"loc":{"start":{"line":6,"column":79},"end":{"line":163,"column":1}},"line":6},"1":{"name":"(anonymous_1)","decl":{"start":{"line":6,"column":52},"end":{"line":6,"column":53}},"loc":{"start":{"line":6,"column":58},"end":{"line":6,"column":75}},"line":6},"2":{"name":"(anonymous_2)","decl":{"start":{"line":17,"column":29},"end":{"line":17,"column":30}},"loc":{"start":{"line":17,"column":36},"end":{"line":33,"column":3}},"line":17},"3":{"name":"(anonymous_3)","decl":{"start":{"line":23,"column":24},"end":{"line":23,"column":25}},"loc":{"start":{"line":23,"column":29},"end":{"line":23,"column":89}},"line":23},"4":{"name":"(anonymous_4)","decl":{"start":{"line":35,"column":23},"end":{"line":35,"column":24}},"loc":{"start":{"line":35,"column":36},"end":{"line":74,"column":3}},"line":35},"5":{"name":"(anonymous_5)","decl":{"start":{"line":51,"column":22},"end":{"line":51,"column":23}},"loc":{"start":{"line":51,"column":27},"end":{"line":51,"column":88}},"line":51},"6":{"name":"(anonymous_6)","decl":{"start":{"line":88,"column":22},"end":{"line":88,"column":23}},"loc":{"start":{"line":88,"column":27},"end":{"line":88,"column":52}},"line":88},"7":{"name":"(anonymous_7)","decl":{"start":{"line":117,"column":22},"end":{"line":117,"column":23}},"loc":{"start":{"line":117,"column":27},"end":{"line":117,"column":56}},"line":117},"8":{"name":"(anonymous_8)","decl":{"start":{"line":131,"column":22},"end":{"line":131,"column":23}},"loc":{"start":{"line":131,"column":27},"end":{"line":131,"column":55}},"line":131}},"branchMap":{"0":{"loc":{"start":{"line":6,"column":39},"end":{"line":6,"column":75}},"type":"default-arg","locations":[{"start":{"line":6,"column":52},"end":{"line":6,"column":75}}],"line":6},"1":{"loc":{"start":{"line":21,"column":4},"end":{"line":32,"column":5}},"type":"if","locations":[{"start":{"line":21,"column":4},"end":{"line":32,"column":5}},{"start":{"line":30,"column":11},"end":{"line":32,"column":5}}],"line":21},"2":{"loc":{"start":{"line":22,"column":34},"end":{"line":22,"column":85}},"type":"binary-expr","locations":[{"start":{"line":22,"column":34},"end":{"line":22,"column":77}},{"start":{"line":22,"column":81},"end":{"line":22,"column":85}}],"line":22},"3":{"loc":{"start":{"line":23,"column":6},"end":{"line":29,"column":7}},"type":"if","locations":[{"start":{"line":23,"column":6},"end":{"line":29,"column":7}},{"start":{"line":26,"column":13},"end":{"line":29,"column":7}}],"line":23},"4":{"loc":{"start":{"line":38,"column":4},"end":{"line":41,"column":5}},"type":"if","locations":[{"start":{"line":38,"column":4},"end":{"line":41,"column":5}},{"start":{},"end":{}}],"line":38},"5":{"loc":{"start":{"line":38,"column":8},"end":{"line":38,"column":55}},"type":"binary-expr","locations":[{"start":{"line":38,"column":8},"end":{"line":38,"column":15}},{"start":{"line":38,"column":19},"end":{"line":38,"column":26}},{"start":{"line":38,"column":30},"end":{"line":38,"column":41}},{"start":{"line":38,"column":45},"end":{"line":38,"column":55}}],"line":38},"6":{"loc":{"start":{"line":42,"column":4},"end":{"line":45,"column":5}},"type":"if","locations":[{"start":{"line":42,"column":4},"end":{"line":45,"column":5}},{"start":{},"end":{}}],"line":42},"7":{"loc":{"start":{"line":46,"column":4},"end":{"line":49,"column":5}},"type":"if","locations":[{"start":{"line":46,"column":4},"end":{"line":49,"column":5}},{"start":{},"end":{}}],"line":46},"8":{"loc":{"start":{"line":50,"column":32},"end":{"line":50,"column":83}},"type":"binary-expr","locations":[{"start":{"line":50,"column":32},"end":{"line":50,"column":75}},{"start":{"line":50,"column":79},"end":{"line":50,"column":83}}],"line":50},"9":{"loc":{"start":{"line":51,"column":4},"end":{"line":55,"column":5}},"type":"if","locations":[{"start":{"line":51,"column":4},"end":{"line":55,"column":5}},{"start":{},"end":{}}],"line":51},"10":{"loc":{"start":{"line":70,"column":15},"end":{"line":70,"column":53}},"type":"binary-expr","locations":[{"start":{"line":70,"column":15},"end":{"line":70,"column":26}},{"start":{"line":70,"column":30},"end":{"line":70,"column":53}}],"line":70},"11":{"loc":{"start":{"line":104,"column":19},"end":{"line":104,"column":92}},"type":"cond-expr","locations":[{"start":{"line":104,"column":38},"end":{"line":104,"column":87}},{"start":{"line":104,"column":90},"end":{"line":104,"column":92}}],"line":104},"12":{"loc":{"start":{"line":136,"column":7},"end":{"line":136,"column":107}},"type":"binary-expr","locations":[{"start":{"line":136,"column":7},"end":{"line":136,"column":12}},{"start":{"line":136,"column":16},"end":{"line":136,"column":107}}],"line":136},"13":{"loc":{"start":{"line":138,"column":9},"end":{"line":138,"column":51}},"type":"cond-expr","locations":[{"start":{"line":138,"column":19},"end":{"line":138,"column":35}},{"start":{"line":138,"column":38},"end":{"line":138,"column":51}}],"line":138}},"s":{"0":0,"1":21,"2":21,"3":21,"4":21,"5":21,"6":21,"7":21,"8":21,"9":3,"10":3,"11":3,"12":3,"13":3,"14":3,"15":1,"16":1,"17":1,"18":2,"19":2,"20":0,"21":21,"22":3,"23":3,"24":3,"25":0,"26":0,"27":3,"28":1,"29":1,"30":2,"31":1,"32":1,"33":1,"34":1,"35":0,"36":0,"37":0,"38":0,"39":1,"40":1,"41":1,"42":1,"43":1,"44":1,"45":1,"46":1,"47":1,"48":1,"49":1,"50":0,"51":1,"52":21,"53":3,"54":3,"55":3},"f":{"0":21,"1":0,"2":3,"3":1,"4":3,"5":0,"6":3,"7":3,"8":3},"b":{"0":[14],"1":[3,0],"2":[3,2],"3":[1,2],"4":[0,3],"5":[3,3,3,3],"6":[1,2],"7":[1,1],"8":[1,1],"9":[0,1],"10":[0,0],"11":[4,17],"12":[21,5],"13":[1,20]},"_coverageSchema":"1a1c01bbd47fc00a2c39e90264f33305004495a9","hash":"e1cb3e0f5998cbe99e6e2324ec3eb97752819991"}
}
