TN:
SF:src\components\atoms\Button.jsx
FN:1,Button
FNF:1
FNH:1
FNDA:5,Button
DA:3,5
DA:6,5
LF:2
LH:2
BRDA:1,0,0,5
BRDA:1,1,0,2
BRDA:1,2,0,5
BRF:3
BRH:3
end_of_record
TN:
SF:src\components\atoms\Image.jsx
FN:1,Image
FNF:1
FNH:1
FNDA:7,Image
DA:2,7
LF:1
LH:1
BRDA:1,0,0,1
BRF:1
BRH:1
end_of_record
TN:
SF:src\components\atoms\Input.jsx
FN:1,Input
FNF:1
FNH:1
FNDA:5,Input
DA:2,5
LF:1
LH:1
BRDA:1,0,0,4
BRDA:1,1,0,5
BRDA:1,2,0,3
BRF:3
BRH:3
end_of_record
TN:
SF:src\components\atoms\Label.jsx
FN:1,Label
FNF:1
FNH:1
FNDA:3,Label
DA:2,3
LF:1
LH:1
BRDA:1,0,0,3
BRF:1
BRH:1
end_of_record
TN:
SF:src\components\atoms\Logo.jsx
FN:5,Logo
FNF:1
FNH:1
FNDA:2,Logo
DA:6,2
LF:1
LH:1
BRDA:5,0,0,1
BRDA:11,1,0,1
BRDA:11,1,1,1
BRF:3
BRH:3
end_of_record
TN:
SF:src\components\atoms\NavLink.jsx
FN:4,NavLink
FNF:1
FNH:1
FNDA:2,NavLink
DA:5,2
DA:6,2
DA:10,2
DA:13,2
LF:4
LH:4
BRDA:4,0,0,2
BRDA:10,1,0,1
BRDA:10,1,1,1
BRF:3
BRH:3
end_of_record
TN:
SF:src\components\atoms\Title.jsx
FN:1,Title
FNF:1
FNH:1
FNDA:7,Title
DA:3,7
DA:6,7
DA:9,7
DA:12,7
DA:22,7
LF:5
LH:5
BRDA:1,0,0,1
BRDA:1,1,0,3
BRDA:6,2,0,6
BRDA:6,2,1,1
BRDA:22,3,0,7
BRDA:22,3,1,1
BRF:6
BRH:6
end_of_record
TN:
SF:src\components\molecules\BlogCard.jsx
FN:4,BlogCard
FNF:1
FNH:1
FNDA:1,BlogCard
DA:5,1
DA:7,1
LF:2
LH:2
BRF:0
BRH:0
end_of_record
TN:
SF:src\components\molecules\IconInput.jsx
FN:4,IconInput
FNF:1
FNH:1
FNDA:2,IconInput
DA:5,2
LF:1
LH:1
BRDA:8,0,0,2
BRDA:8,0,1,1
BRDA:12,1,0,2
BRDA:12,1,1,1
BRF:4
BRH:4
end_of_record
TN:
SF:src\components\molecules\ProductCard.jsx
FN:5,ProductCard
FN:8,(anonymous_1)
FN:10,(anonymous_2)
FNF:3
FNH:3
FNDA:3,ProductCard
FNDA:2,(anonymous_1)
FNDA:1,(anonymous_2)
DA:6,3
DA:8,3
DA:9,2
DA:10,2
DA:11,2
DA:12,1
DA:14,1
DA:16,2
DA:17,2
DA:18,2
DA:21,3
LF:11
LH:11
BRDA:9,0,0,2
BRDA:9,0,1,1
BRDA:11,1,0,1
BRDA:11,1,1,1
BRF:4
BRH:4
end_of_record
TN:
SF:src\components\organisms\Banner.jsx
FN:4,Banner
FNF:1
FNH:1
FNDA:1,Banner
DA:5,1
LF:1
LH:1
BRF:0
BRH:0
end_of_record
TN:
SF:src\components\organisms\CartTable.jsx
FN:3,CartTable
FN:26,(anonymous_1)
FN:33,(anonymous_2)
FNF:3
FNH:3
FNDA:6,CartTable
FNDA:4,(anonymous_1)
FNDA:1,(anonymous_2)
DA:4,6
DA:27,4
DA:33,1
LF:3
LH:3
BRDA:3,0,0,1
BRDA:3,1,0,4
BRDA:19,2,0,2
BRDA:19,2,1,4
BRDA:27,3,0,4
BRDA:27,3,1,0
BRDA:27,4,0,4
BRDA:27,4,1,0
BRDA:30,5,0,1
BRDA:30,5,1,3
BRDA:31,6,0,1
BRDA:31,6,1,3
BRF:12
BRH:10
end_of_record
TN:
SF:src\components\organisms\ContactForm.jsx
FN:3,ContactForm
FN:9,(anonymous_1)
FN:12,(anonymous_2)
FN:27,(anonymous_3)
FN:37,(anonymous_4)
FN:47,(anonymous_5)
FNF:6
FNH:6
FNDA:5,ContactForm
FNDA:1,(anonymous_1)
FNDA:1,(anonymous_2)
FNDA:1,(anonymous_3)
FNDA:1,(anonymous_4)
FNDA:1,(anonymous_5)
DA:4,5
DA:5,5
DA:6,5
DA:7,5
DA:9,5
DA:10,1
DA:11,1
DA:12,1
DA:13,1
DA:14,1
DA:15,1
DA:18,5
DA:27,1
DA:37,1
DA:47,1
LF:15
LH:15
BRDA:55,0,0,5
BRDA:55,0,1,1
BRF:2
BRH:2
end_of_record
TN:
SF:src\components\organisms\Footer.jsx
FN:4,Footer
FNF:1
FNH:1
FNDA:1,Footer
DA:7,1
LF:1
LH:1
BRF:0
BRH:0
end_of_record
TN:
SF:src\components\organisms\MiniHero.jsx
FN:3,MiniHero
FNF:1
FNH:1
FNDA:1,MiniHero
DA:4,1
LF:1
LH:1
BRF:0
BRH:0
end_of_record
TN:
SF:src\components\organisms\RegisterForm.jsx
FN:6,RegisterForm
FN:17,(anonymous_1)
FN:23,(anonymous_2)
FN:34,(anonymous_3)
FN:76,(anonymous_4)
FN:105,(anonymous_5)
FN:119,(anonymous_6)
FNF:7
FNH:1
FNDA:3,RegisterForm
FNDA:0,(anonymous_1)
FNDA:0,(anonymous_2)
FNDA:0,(anonymous_3)
FNDA:0,(anonymous_4)
FNDA:0,(anonymous_5)
FNDA:0,(anonymous_6)
DA:7,3
DA:8,3
DA:9,3
DA:10,3
DA:11,3
DA:12,3
DA:13,3
DA:17,3
DA:18,0
DA:19,0
DA:20,0
DA:21,0
DA:22,0
DA:23,0
DA:24,0
DA:25,0
DA:27,0
DA:30,0
DA:34,3
DA:35,0
DA:36,0
DA:37,0
DA:38,0
DA:39,0
DA:41,0
DA:42,0
DA:43,0
DA:46,0
DA:47,0
DA:48,0
DA:50,0
DA:51,0
DA:52,0
DA:54,0
DA:55,0
DA:56,0
DA:58,0
DA:60,0
DA:64,3
DA:76,0
DA:105,0
DA:119,0
LF:42
LH:10
BRDA:21,0,0,0
BRDA:21,0,1,0
BRDA:22,1,0,0
BRDA:22,1,1,0
BRDA:23,2,0,0
BRDA:23,2,1,0
BRDA:37,3,0,0
BRDA:37,3,1,0
BRDA:37,4,0,0
BRDA:37,4,1,0
BRDA:37,4,2,0
BRDA:37,4,3,0
BRDA:41,5,0,0
BRDA:41,5,1,0
BRDA:46,6,0,0
BRDA:46,6,1,0
BRDA:50,7,0,0
BRDA:50,7,1,0
BRDA:58,8,0,0
BRDA:58,8,1,0
BRDA:92,9,0,0
BRDA:92,9,1,3
BRDA:124,10,0,3
BRDA:124,10,1,0
BRDA:126,11,0,0
BRDA:126,11,1,3
BRF:26
BRH:3
end_of_record
