TN:
SF:src\test-utils.js
FN:16,(anonymous_0)
FN:24,(anonymous_1)
FN:26,(anonymous_2)
FNF:3
FNH:3
FNDA:20,(anonymous_0)
FNDA:20,(anonymous_1)
FNDA:20,(anonymous_2)
DA:8,3
DA:16,3
DA:17,20
DA:24,3
DA:25,20
DA:26,20
LF:6
LH:6
BRDA:18,0,0,20
BRDA:18,0,1,15
BRDA:24,1,0,15
BRF:3
BRH:3
end_of_record
TN:
SF:src\components\atoms\Button.jsx
FN:1,Button
FNF:1
FNH:1
FNDA:10,Button
DA:3,10
DA:6,10
LF:2
LH:2
BRDA:1,0,0,10
BRDA:1,1,0,2
BRDA:1,2,0,10
BRF:3
BRH:3
end_of_record
TN:
SF:src\components\atoms\Image.jsx
FN:1,Image
FNF:1
FNH:1
FNDA:62,Image
DA:2,62
LF:1
LH:1
BRDA:1,0,0,1
BRF:1
BRH:1
end_of_record
TN:
SF:src\components\atoms\Input.jsx
FN:1,Input
FNF:1
FNH:1
FNDA:5,Input
DA:2,5
LF:1
LH:1
BRDA:1,0,0,4
BRDA:1,1,0,5
BRDA:1,2,0,3
BRF:3
BRH:3
end_of_record
TN:
SF:src\components\atoms\Label.jsx
FN:1,Label
FNF:1
FNH:1
FNDA:3,Label
DA:2,3
LF:1
LH:1
BRDA:1,0,0,3
BRF:1
BRH:1
end_of_record
TN:
SF:src\components\atoms\Logo.jsx
FN:5,Logo
FNF:1
FNH:1
FNDA:52,Logo
DA:6,52
LF:1
LH:1
BRDA:5,0,0,1
BRDA:11,1,0,26
BRDA:11,1,1,26
BRF:3
BRH:3
end_of_record
TN:
SF:src\components\atoms\NavLink.jsx
FN:4,NavLink
FNF:1
FNH:1
FNDA:238,NavLink
DA:5,238
DA:6,238
DA:10,238
DA:13,238
LF:4
LH:4
BRDA:4,0,0,2
BRDA:10,1,0,27
BRDA:10,1,1,211
BRF:3
BRH:3
end_of_record
TN:
SF:src\components\atoms\Title.jsx
FN:1,Title
FNF:1
FNH:1
FNDA:82,Title
DA:3,82
DA:6,82
DA:9,82
DA:12,82
DA:22,82
LF:5
LH:5
BRDA:1,0,0,1
BRDA:1,1,0,3
BRDA:6,2,0,81
BRDA:6,2,1,1
BRDA:22,3,0,82
BRDA:22,3,1,1
BRF:6
BRH:6
end_of_record
TN:
SF:src\components\context\AuthContext.jsx
FN:5,AuthProvider
FN:7,(anonymous_1)
FN:16,(anonymous_2)
FN:26,(anonymous_3)
FN:38,(anonymous_4)
FN:50,(anonymous_5)
FNF:6
FNH:6
FNDA:13,AuthProvider
FNDA:7,(anonymous_1)
FNDA:7,(anonymous_2)
FNDA:5,(anonymous_3)
FNDA:1,(anonymous_4)
FNDA:13,(anonymous_5)
DA:3,4
DA:7,13
DA:8,7
DA:9,7
DA:16,13
DA:17,7
DA:18,7
DA:26,13
DA:27,5
DA:28,5
DA:29,5
DA:30,5
DA:31,5
DA:38,13
DA:39,1
DA:40,1
DA:41,1
DA:42,1
DA:43,1
DA:50,13
DA:51,13
DA:52,13
DA:53,13
DA:59,13
LF:24
LH:24
BRDA:9,0,0,7
BRDA:9,0,1,7
BRDA:18,1,0,7
BRDA:18,1,1,7
BRF:4
BRH:4
end_of_record
TN:
SF:src\components\molecules\BlogCard.jsx
FN:4,BlogCard
FNF:1
FNH:1
FNDA:1,BlogCard
DA:5,1
DA:7,1
LF:2
LH:2
BRF:0
BRH:0
end_of_record
TN:
SF:src\components\molecules\IconInput.jsx
FN:4,IconInput
FNF:1
FNH:1
FNDA:2,IconInput
DA:5,2
LF:1
LH:1
BRDA:8,0,0,2
BRDA:8,0,1,1
BRDA:12,1,0,2
BRDA:12,1,1,1
BRF:4
BRH:4
end_of_record
TN:
SF:src\components\molecules\ProductCard.jsx
FN:5,ProductCard
FN:9,formatearPrecio
FN:14,(anonymous_2)
FN:16,(anonymous_3)
FNF:4
FNH:4
FNDA:8,ProductCard
FNDA:8,formatearPrecio
FNDA:3,(anonymous_2)
FNDA:1,(anonymous_3)
DA:6,8
DA:10,8
DA:11,5
DA:14,8
DA:15,3
DA:16,3
DA:17,3
DA:18,1
DA:20,2
DA:22,3
DA:23,2
DA:24,2
DA:27,8
LF:13
LH:13
BRDA:10,0,0,3
BRDA:10,0,1,5
BRDA:15,1,0,3
BRDA:15,1,1,2
BRDA:17,2,0,1
BRDA:17,2,1,2
BRF:6
BRH:6
end_of_record
TN:
SF:src\components\organisms\Banner.jsx
FN:4,Banner
FNF:1
FNH:1
FNDA:1,Banner
DA:5,1
LF:1
LH:1
BRF:0
BRH:0
end_of_record
TN:
SF:src\components\organisms\CartTable.jsx
FN:3,CartTable
FN:33,(anonymous_1)
FN:40,(anonymous_2)
FNF:3
FNH:3
FNDA:12,CartTable
FNDA:17,(anonymous_1)
FNDA:1,(anonymous_2)
DA:4,12
DA:7,12
DA:11,12
DA:34,17
DA:40,1
LF:5
LH:5
BRDA:3,0,0,1
BRDA:3,1,0,3
BRDA:7,2,0,3
BRDA:7,2,1,9
BRDA:8,3,0,2
BRDA:8,3,1,1
BRDA:9,4,0,7
BRDA:9,4,1,2
BRDA:26,5,0,3
BRDA:26,5,1,9
BRDA:34,6,0,17
BRDA:34,6,1,1
BRDA:34,7,0,9
BRDA:34,7,1,8
BRDA:37,8,0,6
BRDA:37,8,1,11
BRDA:38,9,0,6
BRDA:38,9,1,11
BRDA:48,10,0,12
BRDA:48,10,1,9
BRF:20
BRH:20
end_of_record
TN:
SF:src\components\organisms\ContactForm.jsx
FN:3,ContactForm
FN:9,(anonymous_1)
FN:12,(anonymous_2)
FN:27,(anonymous_3)
FN:37,(anonymous_4)
FN:47,(anonymous_5)
FNF:6
FNH:6
FNDA:5,ContactForm
FNDA:1,(anonymous_1)
FNDA:1,(anonymous_2)
FNDA:1,(anonymous_3)
FNDA:1,(anonymous_4)
FNDA:1,(anonymous_5)
DA:4,5
DA:5,5
DA:6,5
DA:7,5
DA:9,5
DA:10,1
DA:11,1
DA:12,1
DA:13,1
DA:14,1
DA:15,1
DA:18,5
DA:27,1
DA:37,1
DA:47,1
LF:15
LH:15
BRDA:55,0,0,5
BRDA:55,0,1,1
BRF:2
BRH:2
end_of_record
TN:
SF:src\components\organisms\FeaturedProducts.jsx
FN:5,FeaturedProducts
FN:18,(anonymous_1)
FNF:2
FNH:2
FNDA:4,FeaturedProducts
FNDA:2,(anonymous_1)
DA:6,4
DA:7,3
DA:11,1
DA:19,2
LF:4
LH:4
BRDA:5,0,0,1
BRDA:6,1,0,3
BRDA:6,1,1,1
BRDA:6,2,0,4
BRDA:6,2,1,3
BRF:5
BRH:5
end_of_record
TN:
SF:src\components\organisms\Footer.jsx
FN:4,Footer
FNF:1
FNH:1
FNDA:1,Footer
DA:7,1
LF:1
LH:1
BRF:0
BRH:0
end_of_record
TN:
SF:src\components\organisms\Header.jsx
FN:8,Header
FN:12,(anonymous_1)
FN:12,(anonymous_2)
FN:15,(anonymous_3)
FN:21,(anonymous_4)
FN:52,(anonymous_5)
FN:64,(anonymous_6)
FN:70,(anonymous_7)
FN:72,(anonymous_8)
FN:82,(anonymous_9)
FNF:10
FNH:10
FNDA:25,Header
FNDA:8,(anonymous_1)
FNDA:8,(anonymous_2)
FNDA:25,(anonymous_3)
FNDA:25,(anonymous_4)
FNDA:1,(anonymous_5)
FNDA:1,(anonymous_6)
FNDA:1,(anonymous_7)
FNDA:6,(anonymous_8)
FNDA:1,(anonymous_9)
DA:9,25
DA:10,25
DA:12,25
DA:15,25
DA:16,25
DA:17,8
DA:19,17
DA:21,25
DA:24,25
DA:52,1
DA:64,1
DA:70,1
DA:72,6
DA:82,1
LF:14
LH:14
BRDA:16,0,0,8
BRDA:16,0,1,17
BRDA:31,1,0,8
BRDA:31,1,1,17
BRDA:33,2,0,8
BRDA:33,2,1,17
BRDA:43,3,0,17
BRDA:43,3,1,8
BRDA:64,4,0,8
BRDA:64,4,1,17
BRDA:67,5,0,8
BRDA:67,5,1,17
BRDA:73,6,0,17
BRDA:73,6,1,8
BRF:14
BRH:14
end_of_record
TN:
SF:src\components\organisms\LoginForm.jsx
FN:8,LoginForm
FN:15,(anonymous_1)
FN:24,(anonymous_2)
FN:27,(anonymous_3)
FN:52,(anonymous_4)
FN:69,(anonymous_5)
FNF:6
FNH:6
FNDA:23,LoginForm
FNDA:5,(anonymous_1)
FNDA:2,(anonymous_2)
FNDA:4,(anonymous_3)
FNDA:4,(anonymous_4)
FNDA:4,(anonymous_5)
DA:9,23
DA:10,23
DA:11,23
DA:12,23
DA:15,23
DA:16,5
DA:17,5
DA:18,5
DA:19,1
DA:20,1
DA:22,4
DA:23,4
DA:25,2
DA:28,4
DA:33,23
DA:52,4
DA:69,4
LF:17
LH:17
BRDA:18,0,0,1
BRDA:18,0,1,4
BRDA:18,1,0,5
BRDA:18,1,1,4
BRDA:25,2,0,2
BRDA:25,2,1,1
BRDA:78,3,0,23
BRDA:78,3,1,3
BRDA:83,4,0,4
BRDA:83,4,1,19
BRF:10
BRH:10
end_of_record
TN:
SF:src\components\organisms\MiniHero.jsx
FN:3,MiniHero
FNF:1
FNH:1
FNDA:1,MiniHero
DA:4,1
LF:1
LH:1
BRF:0
BRH:0
end_of_record
TN:
SF:src\components\organisms\RegisterForm.jsx
FN:6,RegisterForm
FN:6,(anonymous_1)
FN:17,(anonymous_2)
FN:23,(anonymous_3)
FN:35,(anonymous_4)
FN:51,(anonymous_5)
FN:94,(anonymous_6)
FN:123,(anonymous_7)
FN:137,(anonymous_8)
FNF:9
FNH:8
FNDA:80,RegisterForm
FNDA:3,(anonymous_1)
FNDA:14,(anonymous_2)
FNDA:4,(anonymous_3)
FNDA:12,(anonymous_4)
FNDA:0,(anonymous_5)
FNDA:11,(anonymous_6)
FNDA:11,(anonymous_7)
FNDA:11,(anonymous_8)
DA:6,3
DA:7,80
DA:8,80
DA:9,80
DA:10,80
DA:11,80
DA:12,80
DA:13,80
DA:17,80
DA:18,14
DA:19,14
DA:20,14
DA:21,14
DA:22,13
DA:23,13
DA:24,3
DA:25,3
DA:27,10
DA:28,10
DA:31,1
DA:35,80
DA:36,12
DA:37,12
DA:38,12
DA:39,1
DA:40,1
DA:42,11
DA:43,2
DA:44,2
DA:46,9
DA:47,1
DA:48,1
DA:50,8
DA:51,8
DA:52,0
DA:53,0
DA:54,0
DA:56,8
DA:57,8
DA:59,8
DA:60,8
DA:61,8
DA:63,0
DA:64,0
DA:65,0
DA:67,8
DA:69,5
DA:70,5
DA:71,5
DA:72,5
DA:73,5
DA:74,5
DA:76,3
DA:78,8
DA:82,80
DA:94,11
DA:123,11
DA:137,11
LF:58
LH:52
BRDA:6,0,0,47
BRDA:21,1,0,13
BRDA:21,1,1,1
BRDA:22,2,0,13
BRDA:22,2,1,9
BRDA:23,3,0,3
BRDA:23,3,1,10
BRDA:38,4,0,1
BRDA:38,4,1,11
BRDA:38,5,0,12
BRDA:38,5,1,11
BRDA:38,5,2,11
BRDA:38,5,3,11
BRDA:42,6,0,2
BRDA:42,6,1,9
BRDA:46,7,0,1
BRDA:46,7,1,8
BRDA:50,8,0,8
BRDA:50,8,1,8
BRDA:51,9,0,0
BRDA:51,9,1,8
BRDA:63,10,0,0
BRDA:63,10,1,0
BRDA:63,11,0,0
BRDA:63,11,1,0
BRDA:76,12,0,1
BRDA:76,12,1,2
BRDA:76,13,0,3
BRDA:76,13,1,3
BRDA:110,14,0,10
BRDA:110,14,1,70
BRDA:142,15,0,80
BRDA:142,15,1,15
BRDA:144,16,0,7
BRDA:144,16,1,73
BRF:35
BRH:30
end_of_record
